<?xml version="1.0" encoding="UTF-8"?>
<!-- Generated by org.testng.reporters.JUnitXMLReporter -->
<testsuite ignored="0" hostname="DESKTOP-H0PI4DT" failures="0" tests="3" name="ChromeTest" time="26.698" errors="0" timestamp="2022-09-14T17:55:15 IST">
  <testcase classname="crossBrowerTesting.NOPComm" name="verifyLogin" time="7.69"/>
  <testcase classname="crossBrowerTesting.NOPComm" name="verifyAppTitle" time="0.024"/>
  <testcase classname="crossBrowerTesting.NOPComm" name="verifyLogout" time="2.087"/>
</testsuite> <!-- ChromeTest -->
