<?xml version="1.0" encoding="UTF-8"?>
<!-- Generated by org.testng.reporters.JUnitXMLReporter -->
<testsuite ignored="0" hostname="DESKTOP-H0PI4DT" failures="0" tests="3" name="Default" time="29.7" errors="0" timestamp="2022-09-14T17:55:18 IST">
  <testcase classname="crossBrowerTesting.NOPComm" name="verifyLogin" time="2.728"/>
  <testcase classname="crossBrowerTesting.NOPComm" name="verifyAppTitle" time="0.007"/>
  <testcase classname="crossBrowerTesting.NOPComm" name="verifyLogout" time="1.721"/>
</testsuite> <!-- Default -->
