<?xml version="1.0" encoding="UTF-8"?>
<!-- Generated by org.testng.reporters.JUnitXMLReporter -->
<testsuite ignored="0" hostname="DESKTOP-H0PI4DT" failures="0" tests="3" name="Test" time="22.418" errors="0" timestamp="2022-09-14T17:48:48 IST">
  <testcase classname="crossBrowerTesting.NOPComm" name="verifyLogin" time="4.979"/>
  <testcase classname="crossBrowerTesting.NOPComm" name="verifyAppTitle" time="0.009"/>
  <testcase classname="crossBrowerTesting.NOPComm" name="verifyLogout" time="1.59"/>
</testsuite> <!-- Test -->
